<?xml version="1.0" encoding="UTF-8"?>
<!-- Generated by org.testng.reporters.JUnitReportReporter -->
<testsuite skipped="0" hostname="Shreyas" name="com.crm.crmApp_1.forgotPassword" tests="1" failures="0" timestamp="17 Dec 2022 06:55:26 GMT" time="3.198" errors="0">
  <testcase name="forgotPasswordTest" time="3.198" classname="com.crm.crmApp_1.forgotPassword"/>
</testsuite> <!-- com.crm.crmApp_1.forgotPassword -->
