<?xml version="1.0" encoding="UTF-8"?>
<!-- Generated by org.testng.reporters.JUnitReportReporter -->
<testsuite skipped="0" hostname="Shreyas" name="com.crm.crmApp_1.LoginTest" tests="1" failures="0" timestamp="17 Dec 2022 06:55:26 GMT" time="8.005" errors="0">
  <testcase name="loginTest" time="8.005" classname="com.crm.crmApp_1.LoginTest"/>
</testsuite> <!-- com.crm.crmApp_1.LoginTest -->
